19:43:25  DEBUG org.testng.TestNG - suiteXmlPath: "/Users/dianasosina/Qa36_automation/Trello2/Trello2/src/test/resources/regress.xml"
19:43:25  DEBUG org.testng.internal.Graph - [Graph] ADDING NODE TestBase.setUp()[pri:0, instance:null] 2045031788
19:43:25  DEBUG org.testng.internal.Graph - [Graph] ================ SORTING
19:43:25  DEBUG org.testng.internal.Graph - [Graph] =============== DONE SORTING
19:43:25  DEBUG org.testng.internal.Graph - [Graph] ====== SORTED NODES
19:43:25  DEBUG org.testng.internal.Graph - [Graph] ====== END SORTED NODES
19:43:25  DEBUG org.testng.internal.Graph - [Graph] ADDING NODE TestBase.stop()[pri:0, instance:null] 2136378353
19:43:25  DEBUG org.testng.internal.Graph - [Graph] ================ SORTING
19:43:25  DEBUG org.testng.internal.Graph - [Graph] =============== DONE SORTING
19:43:25  DEBUG org.testng.internal.Graph - [Graph] ====== SORTED NODES
19:43:25  DEBUG org.testng.internal.Graph - [Graph] ====== END SORTED NODES
19:43:25  DEBUG org.testng.internal.Graph - [Graph] ADDING NODE TestBase.startLogger(java.lang.reflect.Method)[pri:0, instance:null] -68692127
19:43:25  DEBUG org.testng.internal.Graph - [Graph] ================ SORTING
19:43:25  DEBUG org.testng.internal.Graph - [Graph] =============== DONE SORTING
19:43:25  DEBUG org.testng.internal.Graph - [Graph] ====== SORTED NODES
19:43:25  DEBUG org.testng.internal.Graph - [Graph] ====== END SORTED NODES
19:43:25  DEBUG org.testng.internal.Graph - [Graph] ADDING NODE TestBase.finishLog()[pri:0, instance:null] 1549693568
19:43:25  DEBUG org.testng.internal.Graph - [Graph] ================ SORTING
19:43:25  DEBUG org.testng.internal.Graph - [Graph] =============== DONE SORTING
19:43:25  DEBUG org.testng.internal.Graph - [Graph] ====== SORTED NODES
19:43:25  DEBUG org.testng.internal.Graph - [Graph] ====== END SORTED NODES
19:43:25  DEBUG org.testng.internal.Graph - [Graph] ADDING NODE TestBase.setUp()[pri:0, instance:null] 2045031788
19:43:25  DEBUG org.testng.internal.Graph - [Graph] ================ SORTING
19:43:25  DEBUG org.testng.internal.Graph - [Graph] =============== DONE SORTING
19:43:25  DEBUG org.testng.internal.Graph - [Graph] ====== SORTED NODES
19:43:25  DEBUG org.testng.internal.Graph - [Graph] ====== END SORTED NODES
19:43:25  DEBUG org.testng.internal.Graph - [Graph] ADDING NODE TestBase.stop()[pri:0, instance:null] 2136378353
19:43:25  DEBUG org.testng.internal.Graph - [Graph] ================ SORTING
19:43:25  DEBUG org.testng.internal.Graph - [Graph] =============== DONE SORTING
19:43:25  DEBUG org.testng.internal.Graph - [Graph] ====== SORTED NODES
19:43:25  DEBUG org.testng.internal.Graph - [Graph] ====== END SORTED NODES
19:43:25  DEBUG org.testng.internal.Graph - [Graph] ADDING NODE TestBase.startLogger(java.lang.reflect.Method)[pri:0, instance:null] -68692127
19:43:25  DEBUG org.testng.internal.Graph - [Graph] ================ SORTING
19:43:25  DEBUG org.testng.internal.Graph - [Graph] =============== DONE SORTING
19:43:25  DEBUG org.testng.internal.Graph - [Graph] ====== SORTED NODES
19:43:25  DEBUG org.testng.internal.Graph - [Graph] ====== END SORTED NODES
19:43:25  DEBUG org.testng.internal.Graph - [Graph] ADDING NODE TestBase.finishLog()[pri:0, instance:null] 1549693568
19:43:25  DEBUG org.testng.internal.Graph - [Graph] ================ SORTING
19:43:25  DEBUG org.testng.internal.Graph - [Graph] =============== DONE SORTING
19:43:25  DEBUG org.testng.internal.Graph - [Graph] ====== SORTED NODES
19:43:25  DEBUG org.testng.internal.Graph - [Graph] ====== END SORTED NODES
19:43:25  DEBUG org.testng.internal.Graph - [Graph] ADDING NODE TestBase.setUp()[pri:0, instance:tests.BoardCreation@5ee2b6f9] 563392269
19:43:25  DEBUG org.testng.internal.Graph - [Graph] ================ SORTING
19:43:25  DEBUG org.testng.internal.Graph - [Graph] =============== DONE SORTING
19:43:25  DEBUG org.testng.internal.Graph - [Graph] ====== SORTED NODES
19:43:25  DEBUG org.testng.internal.Graph - [Graph] ====== END SORTED NODES
19:43:25  DEBUG org.testng.internal.Graph - [Graph] ADDING NODE BoardCreation.boardCreation2()[pri:0, instance:tests.BoardCreation@5ee2b6f9] -1496047867
19:43:25  DEBUG org.testng.internal.Graph - [Graph] ADDING NODE BoardCreation.boardCreation3()[pri:0, instance:tests.BoardCreation@5ee2b6f9] -1496047836
19:43:25  DEBUG org.testng.internal.Graph - [Graph] ADDING NODE BoardCreation.boardCreation4(java.lang.String)[pri:0, instance:tests.BoardCreation@5ee2b6f9] -1496047805
19:43:25  DEBUG org.testng.internal.Graph - [Graph] ADDING NODE BoardCreation.boardCreation1(model.Board)[pri:0, instance:tests.BoardCreation@5ee2b6f9] -1496047898
19:43:25  DEBUG org.testng.internal.Graph - [Graph] ADDING NODE BoardDeletion.boardDeletion1()[pri:0, instance:tests.BoardDeletion@3a1dd365] 147469292
19:43:25  DEBUG org.testng.internal.Graph - [Graph] ================ SORTING
19:43:25  DEBUG org.testng.internal.Graph - [Graph] =============== DONE SORTING
19:43:25  DEBUG org.testng.internal.Graph - [Graph] ====== SORTED NODES
19:43:25  DEBUG org.testng.internal.Graph - [Graph] ====== END SORTED NODES
19:43:25  DEBUG org.testng.internal.Graph - [Graph] ADDING NODE TestBase.stop()[pri:0, instance:tests.BoardCreation@5ee2b6f9] -899831512
19:43:25  DEBUG org.testng.internal.Graph - [Graph] ================ SORTING
19:43:25  DEBUG org.testng.internal.Graph - [Graph] =============== DONE SORTING
19:43:25  DEBUG org.testng.internal.Graph - [Graph] ====== SORTED NODES
19:43:25  DEBUG org.testng.internal.Graph - [Graph] ====== END SORTED NODES
19:43:25  INFO  tests.TestBase - **********************************************************
19:43:25  INFO  tests.TestBase - **********************************************************
19:43:25  INFO  tests.TestBase - **********************************************************
19:43:25  INFO  tests.TestBase - **********************************************************
19:43:25  INFO  tests.TestBase - **********************************************************
19:43:25  INFO  tests.TestBase - **********************************************************
